-------------------------------------------------------------------------------
Test set: org.paster.mathutil.core.test.MathUtilityAdvancedTest
-------------------------------------------------------------------------------
Tests run: 6, Failures: 1, Errors: 1, Skipped: 0, Time elapsed: 0.182 s <<< FAILURE! -- in org.paster.mathutil.core.test.MathUtilityAdvancedTest
org.paster.mathutil.core.test.MathUtilityAdvancedTest.testFactorialGivenRightArgumentReturnWell(int, long) -- Time elapsed: 0.028 s <<< ERROR!
org.junit.jupiter.api.extension.ParameterResolutionException: No ParameterResolver registered for parameter [int arg0] in method [public void org.paster.mathutil.core.test.MathUtilityAdvancedTest.testFactorialGivenRightArgumentReturnWell(int,long)].

org.paster.mathutil.core.test.MathUtilityAdvancedTest.testFactorialGivenRightArgumentReturnWell(int, long)[5] -- Time elapsed: 0.008 s <<< FAILURE!
org.opentest4j.AssertionFailedError: expected: <120> but was: <720>
	at org.junit.jupiter.api.Assertions.assertEquals(Assertions.java:628)
	at org.paster.mathutil.core.test.MathUtilityAdvancedTest.testFactorialGivenRightArgumentReturnWell(MathUtilityAdvancedTest.java:34)

