<?xml version="1.0" encoding="UTF-8"?>
<testsuite xmlns:xsi="http://www.w3.org/2001/XMLSchema-instance" xsi:noNamespaceSchemaLocation="https://maven.apache.org/surefire/maven-surefire-plugin/xsd/surefire-test-report-3.0.xsd" version="3.0" name="org.paster.mathutil.core.test.MathUtilityAdvancedTest" time="0.182" tests="6" errors="1" skipped="0" failures="1">
  <properties>
[...]
</properties>
  <testcase name="testFactorialGivenRightArgumentReturnWell(int, long)" classname="org.paster.mathutil.core.test.MathUtilityAdvancedTest" time="0.028">
    <error message="No ParameterResolver registered for parameter [int arg0] in method [public void org.paster.mathutil.core.test.MathUtilityAdvancedTest.testFactorialGivenRightArgumentReturnWell(int,long)]." type="org.junit.jupiter.api.extension.ParameterResolutionException"><![CDATA[org.junit.jupiter.api.extension.ParameterResolutionException: No ParameterResolver registered for parameter [int arg0] in method [public void org.paster.mathutil.core.test.MathUtilityAdvancedTest.testFactorialGivenRightArgumentReturnWell(int,long)].
]]></error>
    <system-err><![CDATA[Jun 15, 2023 1:10:25 PM org.junit.jupiter.engine.discovery.MethodSelectorResolver resolve
WARNING: Possible configuration error: method [public void org.paster.mathutil.core.test.MathUtilityAdvancedTest.testFactorialGivenRightArgumentReturnWell(int,long)] resulted in multiple TestDescriptors [org.junit.jupiter.engine.descriptor.TestMethodTestDescriptor, org.junit.jupiter.engine.descriptor.TestTemplateTestDescriptor]. This is typically the result of annotating a method with multiple competing annotations such as @Test, @RepeatedTest, @ParameterizedTest, @TestFactory, etc.
Jun 15, 2023 1:10:25 PM org.junit.jupiter.engine.discovery.MethodSelectorResolver resolve
WARNING: Possible configuration error: method [public void org.paster.mathutil.core.test.MathUtilityAdvancedTest.testFactorialGivenRightArgumentReturnWell(int,long)] resulted in multiple TestDescriptors [org.junit.jupiter.engine.descriptor.TestTemplateTestDescriptor, org.junit.jupiter.engine.descriptor.TestMethodTestDescriptor]. This is typically the result of annotating a method with multiple competing annotations such as @Test, @RepeatedTest, @ParameterizedTest, @TestFactory, etc.
]]></system-err>
  </testcase>
  <testcase name="testFactorialGivenRightArgumentReturnWell(int, long)[1]" classname="org.paster.mathutil.core.test.MathUtilityAdvancedTest" time="0.041"/>
  <testcase name="testFactorialGivenRightArgumentReturnWell(int, long)[2]" classname="org.paster.mathutil.core.test.MathUtilityAdvancedTest" time="0.001"/>
  <testcase name="testFactorialGivenRightArgumentReturnWell(int, long)[3]" classname="org.paster.mathutil.core.test.MathUtilityAdvancedTest" time="0.002"/>
  <testcase name="testFactorialGivenRightArgumentReturnWell(int, long)[4]" classname="org.paster.mathutil.core.test.MathUtilityAdvancedTest" time="0.002"/>
  <testcase name="testFactorialGivenRightArgumentReturnWell(int, long)[5]" classname="org.paster.mathutil.core.test.MathUtilityAdvancedTest" time="0.008">
    <failure message="expected: &lt;120&gt; but was: &lt;720&gt;" type="org.opentest4j.AssertionFailedError"><![CDATA[org.opentest4j.AssertionFailedError: expected: <120> but was: <720>
	at org.junit.jupiter.api.Assertions.assertEquals(Assertions.java:628)
	at org.paster.mathutil.core.test.MathUtilityAdvancedTest.testFactorialGivenRightArgumentReturnWell(MathUtilityAdvancedTest.java:34)
]]></failure>
  </testcase>
</testsuite>